#
# A fatal error has been detected by the Java Runtime Environment:
#
#  EXCEPTION_ACCESS_VIOLATION (0xc0000005) at pc=0x048f6373, pid=3868, tid=2788
#
# JRE version: 6.0_15-b03
# Java VM: Java HotSpot(TM) Client VM (14.1-b02 mixed mode, sharing windows-x86 )
# Problematic frame:
# C  [nvcpl.dll+0x66373]
#
# If you would like to submit a bug report, please visit:
#   http://java.sun.com/webapps/bugreport/crash.jsp
# The crash happened outside the Java Virtual Machine in native code.
# See problematic frame for where to report the bug.
#

---------------  T H R E A D  ---------------

Current thread (0x02b59000):  JavaThread "AWT-EventQueue-0" [_thread_in_native, id=2788, stack(0x02f80000,0x02fd0000)]

siginfo: ExceptionCode=0xc0000005, reading address 0x0562ac5c

Registers:
EAX=0x00004f70, EBX=0x02fcef40, ECX=0x00000000, EDX=0x00020000
ESP=0x02fcee9c, EBP=0x00000000, ESI=0x05617048, EDI=0x056157e8
EIP=0x048f6373, EFLAGS=0x00010202

Top of Stack: (sp=0x02fcee9c)
0x02fcee9c:   02fcef9c 056157e8 02fcef20 02fcef40
0x02fceeac:   00000000 00000001 00000000 1407267c
0x02fceebc:   00010015 02fcef20 7ca46433 056157e8
0x02fceecc:   02fcef40 03cc4de0 03cc4f70 00000000
0x02fceedc:   00000000 02b0d5a0 0effffff 7c9d6038
0x02fceeec:   7c9d6038 7c80aa36 7c9d5f20 02fcef1c
0x02fceefc:   7ca9949d 02fcf1cc 03cc4de0 00000000
0x02fcef0c:   80004001 02fcf1b0 7ca46607 00000010 

Instructions: (pc=0x048f6373)
0x048f6363:   8e 4c 02 00 00 8b 94 8e 50 02 00 00 8b 7c 24 2c
0x048f6373:   8b 8c 87 b4 16 00 00 85 8e 58 02 00 00 89 6c 24 


Stack: [0x02f80000,0x02fd0000],  sp=0x02fcee9c,  free space=315k
Native frames: (J=compiled Java code, j=interpreted, Vv=VM code, C=native code)
C  [nvcpl.dll+0x66373]

[error occurred during error reporting (printing native stack), id 0xc0000005]

Java frames: (J=compiled Java code, j=interpreted, Vv=VM code)
j  sun.awt.windows.WDesktopPeer.ShellExecute(Ljava/lang/String;Ljava/lang/String;)Ljava/lang/String;+0
j  sun.awt.windows.WDesktopPeer.ShellExecute(Ljava/net/URI;Ljava/lang/String;)V+5
j  sun.awt.windows.WDesktopPeer.open(Ljava/io/File;)V+8
j  java.awt.Desktop.open(Ljava/io/File;)V+24
j  filesearcher.Main$1.mouseClicked(Ljava/awt/event/MouseEvent;)V+79
j  java.awt.AWTEventMulticaster.mouseClicked(Ljava/awt/event/MouseEvent;)V+21
j  java.awt.Component.processMouseEvent(Ljava/awt/event/MouseEvent;)V+74
j  javax.swing.JComponent.processMouseEvent(Ljava/awt/event/MouseEvent;)V+23
j  java.awt.Component.processEvent(Ljava/awt/AWTEvent;)V+81
j  java.awt.Container.processEvent(Ljava/awt/AWTEvent;)V+18
j  java.awt.Component.dispatchEventImpl(Ljava/awt/AWTEvent;)V+562
J  java.awt.Container.dispatchEventImpl(Ljava/awt/AWTEvent;)V
J  java.awt.LightweightDispatcher.retargetMouseEvent(Ljava/awt/Component;ILjava/awt/event/MouseEvent;)V
j  java.awt.LightweightDispatcher.processMouseEvent(Ljava/awt/event/MouseEvent;)Z+157
j  java.awt.LightweightDispatcher.dispatchEvent(Ljava/awt/AWTEvent;)Z+50
J  java.awt.Container.dispatchEventImpl(Ljava/awt/AWTEvent;)V
j  java.awt.Window.dispatchEventImpl(Ljava/awt/AWTEvent;)V+19
J  java.awt.EventQueue.dispatchEvent(Ljava/awt/AWTEvent;)V
J  java.awt.EventDispatchThread.pumpOneEventForFilters(I)Z
j  java.awt.EventDispatchThread.pumpEventsForFilter(ILjava/awt/Conditional;Ljava/awt/EventFilter;)V+30
j  java.awt.EventDispatchThread.pumpEventsForHierarchy(ILjava/awt/Conditional;Ljava/awt/Component;)V+11
j  java.awt.EventDispatchThread.pumpEvents(ILjava/awt/Conditional;)V+4
j  java.awt.EventDispatchThread.pumpEvents(Ljava/awt/Conditional;)V+3
j  java.awt.EventDispatchThread.run()V+9
v  ~StubRoutines::call_stub

---------------  P R O C E S S  ---------------

Java Threads: ( => current thread )
  0x0307c000 JavaThread "TimerQueue" daemon [_thread_blocked, id=2108, stack(0x03c50000,0x03ca0000)]
  0x03073400 JavaThread "D3D Screen Updater" daemon [_thread_blocked, id=2944, stack(0x03a20000,0x03a70000)]
  0x02b33400 JavaThread "Swing-Shell" daemon [_thread_blocked, id=3312, stack(0x031f0000,0x03240000)]
  0x003f6800 JavaThread "DestroyJavaVM" [_thread_blocked, id=1440, stack(0x008d0000,0x00920000)]
=>0x02b59000 JavaThread "AWT-EventQueue-0" [_thread_in_native, id=2788, stack(0x02f80000,0x02fd0000)]
  0x02b71800 JavaThread "AWT-Windows" daemon [_thread_in_native, id=3272, stack(0x02f30000,0x02f80000)]
  0x02b1c400 JavaThread "AWT-Shutdown" [_thread_blocked, id=1848, stack(0x02ee0000,0x02f30000)]
  0x02b30800 JavaThread "Java2D Disposer" daemon [_thread_blocked, id=876, stack(0x02e90000,0x02ee0000)]
  0x02af8c00 JavaThread "Low Memory Detector" daemon [_thread_blocked, id=3140, stack(0x02d70000,0x02dc0000)]
  0x02af2c00 JavaThread "CompilerThread0" daemon [_thread_blocked, id=2212, stack(0x02d20000,0x02d70000)]
  0x02af1000 JavaThread "Attach Listener" daemon [_thread_blocked, id=2904, stack(0x02cd0000,0x02d20000)]
  0x02aefc00 JavaThread "Signal Dispatcher" daemon [_thread_blocked, id=412, stack(0x02c80000,0x02cd0000)]
  0x02aae000 JavaThread "Finalizer" daemon [_thread_blocked, id=2052, stack(0x02c30000,0x02c80000)]
  0x02aac800 JavaThread "Reference Handler" daemon [_thread_blocked, id=3876, stack(0x02be0000,0x02c30000)]

Other Threads:
  0x02aab000 VMThread [stack: 0x02b90000,0x02be0000] [id=3040]
  0x02afac00 WatcherThread [stack: 0x02dc0000,0x02e10000] [id=3072]

VM state:not at safepoint (normal execution)

VM Mutex/Monitor currently owned by a thread: None

Heap
 def new generation   total 960K, used 596K [0x24030000, 0x24130000, 0x24510000)
  eden space 896K,  63% used [0x24030000, 0x240be630, 0x24110000)
  from space 64K,  41% used [0x24120000, 0x24126a20, 0x24130000)
  to   space 64K,   0% used [0x24110000, 0x24110000, 0x24120000)
 tenured generation   total 5512K, used 2127K [0x24510000, 0x24a72000, 0x28030000)
   the space 5512K,  38% used [0x24510000, 0x24723f08, 0x24724000, 0x24a72000)
 compacting perm gen  total 12288K, used 2720K [0x28030000, 0x28c30000, 0x2c030000)
   the space 12288K,  22% used [0x28030000, 0x282d81c0, 0x282d8200, 0x28c30000)
    ro space 8192K,  63% used [0x2c030000, 0x2c549920, 0x2c549a00, 0x2c830000)
    rw space 12288K,  53% used [0x2c830000, 0x2cea4dd0, 0x2cea4e00, 0x2d430000)

Dynamic libraries:
0x00400000 - 0x00424000 	C:\Program Files\Java\jre6\bin\javaw.exe
0x7c900000 - 0x7c9b2000 	C:\WINDOWS\system32\ntdll.dll
0x7c800000 - 0x7c8f6000 	C:\WINDOWS\system32\kernel32.dll
0x77dd0000 - 0x77e6b000 	C:\WINDOWS\system32\ADVAPI32.dll
0x77e70000 - 0x77f02000 	C:\WINDOWS\system32\RPCRT4.dll
0x77fe0000 - 0x77ff1000 	C:\WINDOWS\system32\Secur32.dll
0x7e410000 - 0x7e4a1000 	C:\WINDOWS\system32\USER32.dll
0x77f10000 - 0x77f59000 	C:\WINDOWS\system32\GDI32.dll
0x10000000 - 0x1002c000 	C:\WINDOWS\system32\guard32.dll
0x77c00000 - 0x77c08000 	C:\WINDOWS\system32\VERSION.dll
0x003a0000 - 0x003a8000 	C:\WINDOWS\system32\fltlib.dll
0x77c10000 - 0x77c68000 	C:\WINDOWS\system32\msvcrt.dll
0x7c340000 - 0x7c396000 	C:\Program Files\Java\jre6\bin\msvcr71.dll
0x6d800000 - 0x6da8b000 	C:\Program Files\Java\jre6\bin\client\jvm.dll
0x76b40000 - 0x76b6d000 	C:\WINDOWS\system32\WINMM.dll
0x6d7b0000 - 0x6d7bc000 	C:\Program Files\Java\jre6\bin\verify.dll
0x6d330000 - 0x6d34f000 	C:\Program Files\Java\jre6\bin\java.dll
0x6d290000 - 0x6d298000 	C:\Program Files\Java\jre6\bin\hpi.dll
0x76bf0000 - 0x76bfb000 	C:\WINDOWS\system32\PSAPI.DLL
0x6d7f0000 - 0x6d7ff000 	C:\Program Files\Java\jre6\bin\zip.dll
0x6d000000 - 0x6d14a000 	C:\Program Files\Java\jre6\bin\awt.dll
0x73000000 - 0x73026000 	C:\WINDOWS\system32\WINSPOOL.DRV
0x76390000 - 0x763ad000 	C:\WINDOWS\system32\IMM32.dll
0x774e0000 - 0x7761d000 	C:\WINDOWS\system32\ole32.dll
0x773d0000 - 0x774d3000 	C:\WINDOWS\WinSxS\x86_Microsoft.Windows.Common-Controls_6595b64144ccf1df_6.0.2600.5512_x-ww_35d4ce83\comctl32.dll
0x77f60000 - 0x77fd6000 	C:\WINDOWS\system32\SHLWAPI.dll
0x5ad70000 - 0x5ada8000 	C:\WINDOWS\system32\uxtheme.dll
0x6d230000 - 0x6d284000 	C:\Program Files\Java\jre6\bin\fontmanager.dll
0x4fdd0000 - 0x4ff76000 	C:\WINDOWS\system32\d3d9.dll
0x02e20000 - 0x02e26000 	C:\WINDOWS\system32\d3d8thk.dll
0x7c9c0000 - 0x7d1d7000 	C:\WINDOWS\system32\shell32.dll
0x5b860000 - 0x5b8b5000 	C:\WINDOWS\system32\netapi32.dll
0x71b20000 - 0x71b32000 	C:\WINDOWS\system32\MPR.dll
0x75f60000 - 0x75f67000 	C:\WINDOWS\System32\drprov.dll
0x71c10000 - 0x71c1e000 	C:\WINDOWS\System32\ntlanman.dll
0x71cd0000 - 0x71ce7000 	C:\WINDOWS\System32\NETUI0.dll
0x71c90000 - 0x71cd0000 	C:\WINDOWS\System32\NETUI1.dll
0x71c80000 - 0x71c87000 	C:\WINDOWS\System32\NETRAP.dll
0x71bf0000 - 0x71c03000 	C:\WINDOWS\System32\SAMLIB.dll
0x75f70000 - 0x75f7a000 	C:\WINDOWS\System32\davclnt.dll
0x77920000 - 0x77a13000 	C:\WINDOWS\system32\SETUPAPI.dll
0x77b40000 - 0x77b62000 	C:\WINDOWS\system32\appHelp.dll
0x76fd0000 - 0x7704f000 	C:\WINDOWS\system32\CLBCATQ.DLL
0x77050000 - 0x77115000 	C:\WINDOWS\system32\COMRes.dll
0x77120000 - 0x771ab000 	C:\WINDOWS\system32\OLEAUT32.dll
0x16210000 - 0x1648e000 	C:\WINDOWS\system32\wpdshext.dll
0x4ec50000 - 0x4edf6000 	C:\WINDOWS\WinSxS\x86_Microsoft.Windows.GdiPlus_6595b64144ccf1df_1.0.2600.5581_x-ww_dfbc4fc4\gdiplus.dll
0x10930000 - 0x10979000 	C:\WINDOWS\system32\PortableDeviceApi.dll
0x76c30000 - 0x76c5e000 	C:\WINDOWS\system32\WINTRUST.dll
0x77a80000 - 0x77b15000 	C:\WINDOWS\system32\CRYPT32.dll
0x77b20000 - 0x77b32000 	C:\WINDOWS\system32\MSASN1.dll
0x76c90000 - 0x76cb8000 	C:\WINDOWS\system32\IMAGEHLP.dll
0x73d70000 - 0x73d83000 	C:\WINDOWS\system32\shgina.dll
0x75970000 - 0x75a68000 	C:\WINDOWS\system32\MSGINA.dll
0x74320000 - 0x7435d000 	C:\WINDOWS\system32\ODBC32.dll
0x763b0000 - 0x763f9000 	C:\WINDOWS\system32\comdlg32.dll
0x769c0000 - 0x76a74000 	C:\WINDOWS\system32\USERENV.dll
0x76360000 - 0x76370000 	C:\WINDOWS\system32\WINSTA.dll
0x035f0000 - 0x03607000 	C:\WINDOWS\system32\odbcint.dll
0x07160000 - 0x071a6000 	C:\WINDOWS\system32\Audiodev.dll
0x15110000 - 0x1536c000 	C:\WINDOWS\system32\WMVCore.DLL
0x11c70000 - 0x11caa000 	C:\WINDOWS\system32\WMASF.DLL
0x77a20000 - 0x77a74000 	C:\WINDOWS\System32\cscui.dll
0x76600000 - 0x7661d000 	C:\WINDOWS\System32\CSCDLL.dll
0x6d610000 - 0x6d623000 	C:\Program Files\Java\jre6\bin\net.dll
0x71ab0000 - 0x71ac7000 	C:\WINDOWS\system32\WS2_32.dll
0x71aa0000 - 0x71aa8000 	C:\WINDOWS\system32\WS2HELP.dll
0x6d630000 - 0x6d639000 	C:\Program Files\Java\jre6\bin\nio.dll
0x6d450000 - 0x6d474000 	C:\Program Files\Java\jre6\bin\jpeg.dll
0x6d1a0000 - 0x6d1c3000 	C:\Program Files\Java\jre6\bin\dcpr.dll
0x03da0000 - 0x03f7b000 	C:\Program Files\Common Files\Nero\Lib\NeroDigitalExt.dll
0x781d0000 - 0x782df000 	C:\WINDOWS\WinSxS\x86_Microsoft.VC80.MFC_1fc8b3b9a1e18e3b_8.0.50727.762_x-ww_3bf8fa05\MFC80.DLL
0x78130000 - 0x781cb000 	C:\WINDOWS\WinSxS\x86_Microsoft.VC80.CRT_1fc8b3b9a1e18e3b_8.0.50727.3053_x-ww_b80fa8ca\MSVCR80.dll
0x7c420000 - 0x7c4a7000 	C:\WINDOWS\WinSxS\x86_Microsoft.VC80.CRT_1fc8b3b9a1e18e3b_8.0.50727.3053_x-ww_b80fa8ca\MSVCP80.dll
0x5d360000 - 0x5d36e000 	C:\WINDOWS\WinSxS\x86_Microsoft.VC80.MFCLOC_1fc8b3b9a1e18e3b_8.0.50727.762_x-ww_91481303\MFC80ENU.DLL
0x04080000 - 0x040f6000 	C:\Program Files\Acronis\TrueImageHome\tishell.dll
0x03c00000 - 0x03c1f000 	C:\Program Files\Acronis\TrueImageHome\timounter.dll
0x04200000 - 0x0422e000 	C:\Program Files\WinRAR\rarext.dll
0x04630000 - 0x04649000 	C:\Program Files\Elaborate Bytes\VirtualCloneDrive\ElbyVCDShell.dll
0x04670000 - 0x046bc000 	C:\Program Files\Avira\AntiVir Desktop\shlext.dll
0x046f0000 - 0x04710000 	C:\Program Files\QuickSFV\QSFVShll.dll
0x04830000 - 0x0484b000 	C:\PROGRA~1\NITROP~1\PROFES~1\NPSHEL~1.DLL
0x04870000 - 0x04884000 	C:\Program Files\7-Zip\7-zip.dll
0x14070000 - 0x1408b000 	C:\WINDOWS\system32\wmpshell.dll
0x04890000 - 0x055f8000 	C:\WINDOWS\system32\nvcpl.dll
0x74c80000 - 0x74cac000 	C:\WINDOWS\system32\OLEACC.dll
0x76080000 - 0x760e5000 	C:\WINDOWS\system32\MSVCP60.dll
0x05630000 - 0x0570b000 	C:\WINDOWS\system32\nvapi.dll

VM Arguments:
java_command: filesearcher.Main
Launcher Type: SUN_STANDARD

Environment Variables:
PATH=C:\WINDOWS\system32;C:\WINDOWS;C:\WINDOWS\System32\Wbem
USERNAME=Luiso
OS=Windows_NT
PROCESSOR_IDENTIFIER=x86 Family 6 Model 15 Stepping 6, GenuineIntel



---------------  S Y S T E M  ---------------

OS: Windows XP Build 2600 Service Pack 3

CPU:total 2 (2 cores per cpu, 1 threads per core) family 6 model 15 stepping 6, cmov, cx8, fxsr, mmx, sse, sse2, sse3, ssse3

Memory: 4k page, physical 2096348k(1495452k free), swap 4037384k(3561472k free)

vm_info: Java HotSpot(TM) Client VM (14.1-b02) for windows-x86 JRE (1.6.0_15-b03), built on Jul 25 2009 01:22:46 by "java_re" with MS VC++ 7.1

time: Sat Sep 19 12:42:07 2009
elapsed time: 233 seconds

